<?xml version="1.0" encoding="UTF-8"?>
<coverage generated="1656842061">
  <project timestamp="1656842061">
    <file name="/home/jesper_privat/web-udvikling/photocentral-synology-storage-server/src/Controller.php">
      <class name="PhotoCentralSynologyStorageServer\Controller" namespace="global">
        <metrics complexity="7" methods="2" coveredmethods="2" conditionals="0" coveredconditionals="0" statements="16" coveredstatements="16" elements="18" coveredelements="18"/>
      </class>
      <line num="11" type="method" name="sanitizePost" visibility="public" complexity="5" crap="5" count="7"/>
      <line num="13" type="stmt" count="7"/>
      <line num="14" type="stmt" count="7"/>
      <line num="15" type="stmt" count="7"/>
      <line num="16" type="stmt" count="7"/>
      <line num="17" type="stmt" count="7"/>
      <line num="18" type="stmt" count="4"/>
      <line num="19" type="stmt" count="4"/>
      <line num="21" type="stmt" count="4"/>
      <line num="23" type="stmt" count="7"/>
      <line num="26" type="stmt" count="1"/>
      <line num="29" type="stmt" count="7"/>
      <line num="36" type="method" name="getDabaseLink" visibility="private" complexity="1" crap="1" count="7"/>
      <line num="38" type="stmt" count="7"/>
      <line num="39" type="stmt" count="7"/>
      <line num="40" type="stmt" count="7"/>
      <line num="41" type="stmt" count="7"/>
      <line num="42" type="stmt" count="7"/>
      <metrics loc="46" ncloc="46" classes="1" methods="2" coveredmethods="2" conditionals="0" coveredconditionals="0" statements="16" coveredstatements="16" elements="18" coveredelements="18"/>
    </file>
    <file name="/home/jesper_privat/web-udvikling/photocentral-synology-storage-server/src/Controller/DisplayPhotoController.php">
      <class name="PhotoCentralSynologyStorageServer\Controller\DisplayPhotoController" namespace="global">
        <metrics complexity="2" methods="2" coveredmethods="0" conditionals="0" coveredconditionals="0" statements="9" coveredstatements="0" elements="11" coveredelements="0"/>
      </class>
      <line num="15" type="method" name="__construct" visibility="public" complexity="1" crap="2" count="0"/>
      <line num="19" type="stmt" count="0"/>
      <line num="20" type="stmt" count="0"/>
      <line num="23" type="method" name="run" visibility="public" complexity="1" crap="2" count="0"/>
      <line num="29" type="stmt" count="0"/>
      <line num="31" type="stmt" count="0"/>
      <line num="32" type="stmt" count="0"/>
      <line num="38" type="stmt" count="0"/>
      <line num="40" type="stmt" count="0"/>
      <line num="41" type="stmt" count="0"/>
      <line num="42" type="stmt" count="0"/>
      <metrics loc="45" ncloc="36" classes="1" methods="2" coveredmethods="0" conditionals="0" coveredconditionals="0" statements="9" coveredstatements="0" elements="11" coveredelements="0"/>
    </file>
    <file name="/home/jesper_privat/web-udvikling/photocentral-synology-storage-server/src/Controller/GetPhotoController.php">
      <class name="PhotoCentralSynologyStorageServer\Controller\GetPhotoController" namespace="global">
        <metrics complexity="3" methods="2" coveredmethods="1" conditionals="0" coveredconditionals="0" statements="9" coveredstatements="8" elements="11" coveredelements="9"/>
      </class>
      <line num="14" type="method" name="__construct" visibility="public" complexity="1" crap="1" count="1"/>
      <line num="18" type="stmt" count="1"/>
      <line num="19" type="stmt" count="1"/>
      <line num="22" type="method" name="run" visibility="public" complexity="2" crap="2.01" count="1"/>
      <line num="24" type="stmt" count="1"/>
      <line num="25" type="stmt" count="1"/>
      <line num="27" type="stmt" count="1"/>
      <line num="28" type="stmt" count="1"/>
      <line num="30" type="stmt" count="1"/>
      <line num="31" type="stmt" count="0"/>
      <line num="34" type="stmt" count="1"/>
      <metrics loc="36" ncloc="36" classes="1" methods="2" coveredmethods="1" conditionals="0" coveredconditionals="0" statements="9" coveredstatements="8" elements="11" coveredelements="9"/>
    </file>
    <file name="/home/jesper_privat/web-udvikling/photocentral-synology-storage-server/src/Controller/GetPhotoPathController.php">
      <class name="PhotoCentralSynologyStorageServer\Controller\GetPhotoPathController" namespace="global">
        <metrics complexity="3" methods="2" coveredmethods="1" conditionals="0" coveredconditionals="0" statements="13" coveredstatements="12" elements="15" coveredelements="13"/>
      </class>
      <line num="17" type="method" name="__construct" visibility="public" complexity="1" crap="1" count="1"/>
      <line num="22" type="stmt" count="1"/>
      <line num="23" type="stmt" count="1"/>
      <line num="24" type="stmt" count="1"/>
      <line num="27" type="method" name="run" visibility="public" complexity="2" crap="2.00" count="1"/>
      <line num="29" type="stmt" count="1"/>
      <line num="30" type="stmt" count="1"/>
      <line num="32" type="stmt" count="1"/>
      <line num="33" type="stmt" count="1"/>
      <line num="35" type="stmt" count="1"/>
      <line num="36" type="stmt" count="0"/>
      <line num="39" type="stmt" count="1"/>
      <line num="42" type="stmt" count="1"/>
      <line num="43" type="stmt" count="1"/>
      <line num="46" type="stmt" count="1"/>
      <metrics loc="49" ncloc="47" classes="1" methods="2" coveredmethods="1" conditionals="0" coveredconditionals="0" statements="13" coveredstatements="12" elements="15" coveredelements="13"/>
    </file>
    <file name="/home/jesper_privat/web-udvikling/photocentral-synology-storage-server/src/Controller/ListPhotoCollectionsController.php">
      <class name="PhotoCentralSynologyStorageServer\Controller\ListPhotoCollectionsController" namespace="global">
        <metrics complexity="3" methods="2" coveredmethods="1" conditionals="0" coveredconditionals="0" statements="9" coveredstatements="8" elements="11" coveredelements="9"/>
      </class>
      <line num="14" type="method" name="__construct" visibility="public" complexity="1" crap="1" count="1"/>
      <line num="18" type="stmt" count="1"/>
      <line num="19" type="stmt" count="1"/>
      <line num="22" type="method" name="run" visibility="public" complexity="2" crap="2.01" count="1"/>
      <line num="24" type="stmt" count="1"/>
      <line num="26" type="stmt" count="1"/>
      <line num="27" type="stmt" count="1"/>
      <line num="29" type="stmt" count="1"/>
      <line num="31" type="stmt" count="1"/>
      <line num="32" type="stmt" count="0"/>
      <line num="35" type="stmt" count="1"/>
      <metrics loc="38" ncloc="38" classes="1" methods="2" coveredmethods="1" conditionals="0" coveredconditionals="0" statements="9" coveredstatements="8" elements="11" coveredelements="9"/>
    </file>
    <file name="/home/jesper_privat/web-udvikling/photocentral-synology-storage-server/src/Controller/ListPhotoQuantityByDayController.php">
      <class name="PhotoCentralSynologyStorageServer\Controller\ListPhotoQuantityByDayController" namespace="global">
        <metrics complexity="4" methods="2" coveredmethods="1" conditionals="0" coveredconditionals="0" statements="14" coveredstatements="13" elements="16" coveredelements="14"/>
      </class>
      <line num="14" type="method" name="__construct" visibility="public" complexity="1" crap="1" count="1"/>
      <line num="18" type="stmt" count="1"/>
      <line num="19" type="stmt" count="1"/>
      <line num="22" type="method" name="run" visibility="public" complexity="3" crap="3.01" count="1"/>
      <line num="24" type="stmt" count="1"/>
      <line num="25" type="stmt" count="1"/>
      <line num="26" type="stmt" count="1"/>
      <line num="27" type="stmt" count="1"/>
      <line num="28" type="stmt" count="1"/>
      <line num="29" type="stmt" count="1"/>
      <line num="31" type="stmt" count="1"/>
      <line num="32" type="stmt" count="0"/>
      <line num="35" type="stmt" count="1"/>
      <line num="36" type="stmt" count="1"/>
      <line num="37" type="stmt" count="1"/>
      <line num="40" type="stmt" count="1"/>
      <metrics loc="43" ncloc="43" classes="1" methods="2" coveredmethods="1" conditionals="0" coveredconditionals="0" statements="14" coveredstatements="13" elements="16" coveredelements="14"/>
    </file>
    <file name="/home/jesper_privat/web-udvikling/photocentral-synology-storage-server/src/Controller/ListPhotoQuantityByMonthController.php">
      <class name="PhotoCentralSynologyStorageServer\Controller\ListPhotoQuantityByMonthController" namespace="global">
        <metrics complexity="4" methods="2" coveredmethods="1" conditionals="0" coveredconditionals="0" statements="13" coveredstatements="12" elements="15" coveredelements="13"/>
      </class>
      <line num="14" type="method" name="__construct" visibility="public" complexity="1" crap="1" count="1"/>
      <line num="18" type="stmt" count="1"/>
      <line num="19" type="stmt" count="1"/>
      <line num="22" type="method" name="run" visibility="public" complexity="3" crap="3.01" count="1"/>
      <line num="24" type="stmt" count="1"/>
      <line num="25" type="stmt" count="1"/>
      <line num="26" type="stmt" count="1"/>
      <line num="27" type="stmt" count="1"/>
      <line num="28" type="stmt" count="1"/>
      <line num="30" type="stmt" count="1"/>
      <line num="31" type="stmt" count="0"/>
      <line num="34" type="stmt" count="1"/>
      <line num="35" type="stmt" count="1"/>
      <line num="36" type="stmt" count="1"/>
      <line num="39" type="stmt" count="1"/>
      <metrics loc="42" ncloc="42" classes="1" methods="2" coveredmethods="1" conditionals="0" coveredconditionals="0" statements="13" coveredstatements="12" elements="15" coveredelements="13"/>
    </file>
    <file name="/home/jesper_privat/web-udvikling/photocentral-synology-storage-server/src/Controller/ListPhotoQuantityByYearController.php">
      <class name="PhotoCentralSynologyStorageServer\Controller\ListPhotoQuantityByYearController" namespace="global">
        <metrics complexity="4" methods="2" coveredmethods="1" conditionals="0" coveredconditionals="0" statements="12" coveredstatements="11" elements="14" coveredelements="12"/>
      </class>
      <line num="14" type="method" name="__construct" visibility="public" complexity="1" crap="1" count="1"/>
      <line num="18" type="stmt" count="1"/>
      <line num="19" type="stmt" count="1"/>
      <line num="22" type="method" name="run" visibility="public" complexity="3" crap="3.01" count="1"/>
      <line num="24" type="stmt" count="1"/>
      <line num="25" type="stmt" count="1"/>
      <line num="26" type="stmt" count="1"/>
      <line num="27" type="stmt" count="1"/>
      <line num="29" type="stmt" count="1"/>
      <line num="30" type="stmt" count="0"/>
      <line num="33" type="stmt" count="1"/>
      <line num="34" type="stmt" count="1"/>
      <line num="35" type="stmt" count="1"/>
      <line num="38" type="stmt" count="1"/>
      <metrics loc="41" ncloc="41" classes="1" methods="2" coveredmethods="1" conditionals="0" coveredconditionals="0" statements="12" coveredstatements="11" elements="14" coveredelements="12"/>
    </file>
    <file name="/home/jesper_privat/web-udvikling/photocentral-synology-storage-server/src/Controller/ListPhotosController.php">
      <class name="PhotoCentralSynologyStorageServer\Controller\ListPhotosController" namespace="global">
        <metrics complexity="7" methods="2" coveredmethods="1" conditionals="0" coveredconditionals="0" statements="16" coveredstatements="15" elements="18" coveredelements="16"/>
      </class>
      <line num="14" type="method" name="__construct" visibility="public" complexity="1" crap="1" count="1"/>
      <line num="17" type="stmt" count="1"/>
      <line num="20" type="method" name="run" visibility="public" complexity="6" crap="6.01" count="1"/>
      <line num="22" type="stmt" count="1"/>
      <line num="23" type="stmt" count="1"/>
      <line num="25" type="stmt" count="1"/>
      <line num="26" type="stmt" count="1"/>
      <line num="27" type="stmt" count="1"/>
      <line num="28" type="stmt" count="1"/>
      <line num="31" type="stmt" count="1"/>
      <line num="32" type="stmt" count="1"/>
      <line num="33" type="stmt" count="1"/>
      <line num="34" type="stmt" count="1"/>
      <line num="38" type="stmt" count="1"/>
      <line num="39" type="stmt" count="1"/>
      <line num="41" type="stmt" count="1"/>
      <line num="42" type="stmt" count="0"/>
      <line num="45" type="stmt" count="1"/>
      <metrics loc="49" ncloc="49" classes="1" methods="2" coveredmethods="1" conditionals="0" coveredconditionals="0" statements="16" coveredstatements="15" elements="18" coveredelements="16"/>
    </file>
    <file name="/home/jesper_privat/web-udvikling/photocentral-synology-storage-server/src/Controller/SearchController.php">
      <class name="PhotoCentralSynologyStorageServer\Controller\SearchController" namespace="global">
        <metrics complexity="5" methods="2" coveredmethods="1" conditionals="0" coveredconditionals="0" statements="16" coveredstatements="15" elements="18" coveredelements="16"/>
      </class>
      <line num="16" type="method" name="__construct" visibility="public" complexity="1" crap="1" count="1"/>
      <line num="18" type="stmt" count="1"/>
      <line num="19" type="stmt" count="1"/>
      <line num="20" type="stmt" count="1"/>
      <line num="23" type="method" name="run" visibility="public" complexity="4" crap="4.01" count="1"/>
      <line num="25" type="stmt" count="1"/>
      <line num="29" type="stmt" count="1"/>
      <line num="31" type="stmt" count="1"/>
      <line num="32" type="stmt" count="1"/>
      <line num="34" type="stmt" count="1"/>
      <line num="35" type="stmt" count="1"/>
      <line num="37" type="stmt" count="1"/>
      <line num="38" type="stmt" count="1"/>
      <line num="40" type="stmt" count="1"/>
      <line num="41" type="stmt" count="1"/>
      <line num="44" type="stmt" count="1"/>
      <line num="45" type="stmt" count="0"/>
      <line num="47" type="stmt" count="1"/>
      <metrics loc="49" ncloc="49" classes="1" methods="2" coveredmethods="1" conditionals="0" coveredconditionals="0" statements="16" coveredstatements="15" elements="18" coveredelements="16"/>
    </file>
    <file name="/home/jesper_privat/web-udvikling/photocentral-synology-storage-server/src/Exception/PhotoCentralSynologyServerException.php">
      <class name="PhotoCentralSynologyStorageServer\Exception\PhotoCentralSynologyServerException" namespace="global">
        <metrics complexity="0" methods="0" coveredmethods="0" conditionals="0" coveredconditionals="0" statements="0" coveredstatements="0" elements="0" coveredelements="0"/>
      </class>
      <metrics loc="10" ncloc="10" classes="0" methods="0" coveredmethods="0" conditionals="0" coveredconditionals="0" statements="0" coveredstatements="0" elements="0" coveredelements="0"/>
    </file>
    <file name="/home/jesper_privat/web-udvikling/photocentral-synology-storage-server/src/Factory/LinuxFileFactory.php">
      <class name="PhotoCentralSynologyStorageServer\Factory\LinuxFileFactory" namespace="global">
        <metrics complexity="3" methods="2" coveredmethods="2" conditionals="0" coveredconditionals="0" statements="17" coveredstatements="17" elements="19" coveredelements="19"/>
      </class>
      <line num="23" type="method" name="createLinuxFileFromDiffEntry" visibility="public" complexity="1" crap="1" count="4"/>
      <line num="26" type="stmt" count="4"/>
      <line num="27" type="stmt" count="4"/>
      <line num="28" type="stmt" count="4"/>
      <line num="29" type="stmt" count="4"/>
      <line num="30" type="stmt" count="4"/>
      <line num="32" type="stmt" count="4"/>
      <line num="34" type="stmt" count="4"/>
      <line num="35" type="stmt" count="4"/>
      <line num="37" type="stmt" count="4"/>
      <line num="38" type="stmt" count="4"/>
      <line num="40" type="stmt" count="4"/>
      <line num="41" type="stmt" count="4"/>
      <line num="53" type="method" name="generate_file_path" visibility="private" complexity="2" crap="2" count="4"/>
      <line num="56" type="stmt" count="4"/>
      <line num="59" type="stmt" count="4"/>
      <line num="62" type="stmt" count="4"/>
      <line num="63" type="stmt" count="4"/>
      <line num="66" type="stmt" count="4"/>
      <metrics loc="69" ncloc="45" classes="1" methods="2" coveredmethods="2" conditionals="0" coveredconditionals="0" statements="17" coveredstatements="17" elements="19" coveredelements="19"/>
    </file>
    <file name="/home/jesper_privat/web-udvikling/photocentral-synology-storage-server/src/Factory/PhotoFactory.php">
      <class name="PhotoCentralSynologyStorageServer\Factory\PhotoFactory" namespace="global">
        <metrics complexity="7" methods="2" coveredmethods="1" conditionals="0" coveredconditionals="0" statements="26" coveredstatements="21" elements="28" coveredelements="22"/>
      </class>
      <line num="17" type="method" name="__construct" visibility="public" complexity="1" crap="1" count="1"/>
      <line num="19" type="stmt" count="1"/>
      <line num="22" type="method" name="create" visibility="public" complexity="6" crap="6.29" count="3"/>
      <line num="24" type="stmt" count="3"/>
      <line num="25" type="stmt" count="3"/>
      <line num="26" type="stmt" count="3"/>
      <line num="30" type="stmt" count="3"/>
      <line num="31" type="stmt" count="1"/>
      <line num="32" type="stmt" count="1"/>
      <line num="33" type="stmt" count="1"/>
      <line num="36" type="stmt" count="3"/>
      <line num="37" type="stmt" count="0"/>
      <line num="38" type="stmt" count="0"/>
      <line num="42" type="stmt" count="3"/>
      <line num="43" type="stmt" count="3"/>
      <line num="44" type="stmt" count="3"/>
      <line num="45" type="stmt" count="3"/>
      <line num="46" type="stmt" count="3"/>
      <line num="47" type="stmt" count="3"/>
      <line num="48" type="stmt" count="3"/>
      <line num="49" type="stmt" count="3"/>
      <line num="50" type="stmt" count="3"/>
      <line num="52" type="stmt" count="3"/>
      <line num="53" type="stmt" count="3"/>
      <line num="55" type="stmt" count="0"/>
      <line num="56" type="stmt" count="0"/>
      <line num="57" type="stmt" count="0"/>
      <line num="60" type="stmt" count="3"/>
      <metrics loc="62" ncloc="61" classes="1" methods="2" coveredmethods="1" conditionals="0" coveredconditionals="0" statements="26" coveredstatements="21" elements="28" coveredelements="22"/>
    </file>
    <file name="/home/jesper_privat/web-udvikling/photocentral-synology-storage-server/src/Factory/PhotoUrlFactory.php">
      <class name="PhotoCentralSynologyStorageServer\Factory\PhotoUrlFactory" namespace="global">
        <metrics complexity="2" methods="2" coveredmethods="2" conditionals="0" coveredconditionals="0" statements="2" coveredstatements="2" elements="4" coveredelements="4"/>
      </class>
      <line num="9" type="method" name="__construct" visibility="public" complexity="1" crap="1" count="6"/>
      <line num="11" type="stmt" count="6"/>
      <line num="13" type="method" name="createPhotoUrl" visibility="public" complexity="1" crap="1" count="4"/>
      <line num="15" type="stmt" count="4"/>
      <metrics loc="18" ncloc="18" classes="1" methods="2" coveredmethods="2" conditionals="0" coveredconditionals="0" statements="2" coveredstatements="2" elements="4" coveredelements="4"/>
    </file>
    <file name="/home/jesper_privat/web-udvikling/photocentral-synology-storage-server/src/Factory/PhotoUuidFactory.php">
      <class name="PhotoCentralSynologyStorageServer\Factory\PhotoUuidFactory" namespace="global">
        <metrics complexity="1" methods="1" coveredmethods="1" conditionals="0" coveredconditionals="0" statements="1" coveredstatements="1" elements="2" coveredelements="2"/>
      </class>
      <line num="10" type="method" name="generatePhotoUuid" visibility="public" complexity="1" crap="1" count="4"/>
      <line num="12" type="stmt" count="4"/>
      <metrics loc="15" ncloc="12" classes="1" methods="1" coveredmethods="1" conditionals="0" coveredconditionals="0" statements="1" coveredstatements="1" elements="2" coveredelements="2"/>
    </file>
    <file name="/home/jesper_privat/web-udvikling/photocentral-synology-storage-server/src/Model/DatabaseConnection/DatabaseConnection.php">
      <class name="PhotoCentralSynologyStorageServer\Model\DatabaseConnection\DatabaseConnection" namespace="global">
        <metrics complexity="5" methods="5" coveredmethods="5" conditionals="0" coveredconditionals="0" statements="8" coveredstatements="8" elements="13" coveredelements="13"/>
      </class>
      <line num="12" type="method" name="__construct" visibility="public" complexity="1" crap="1" count="1"/>
      <line num="14" type="stmt" count="1"/>
      <line num="15" type="stmt" count="1"/>
      <line num="16" type="stmt" count="1"/>
      <line num="17" type="stmt" count="1"/>
      <line num="20" type="method" name="getHost" visibility="public" complexity="1" crap="1" count="30"/>
      <line num="22" type="stmt" count="30"/>
      <line num="25" type="method" name="getUsername" visibility="public" complexity="1" crap="1" count="30"/>
      <line num="27" type="stmt" count="30"/>
      <line num="30" type="method" name="getPassword" visibility="public" complexity="1" crap="1" count="30"/>
      <line num="32" type="stmt" count="30"/>
      <line num="35" type="method" name="getDatabaseName" visibility="public" complexity="1" crap="1" count="30"/>
      <line num="37" type="stmt" count="30"/>
      <metrics loc="40" ncloc="40" classes="1" methods="5" coveredmethods="5" conditionals="0" coveredconditionals="0" statements="8" coveredstatements="8" elements="13" coveredelements="13"/>
    </file>
    <file name="/home/jesper_privat/web-udvikling/photocentral-synology-storage-server/src/Model/DatabaseTables/LinuxFileDatabaseTable.php">
      <class name="PhotoCentralSynologyStorageServer\Model\DatabaseTables\LinuxFileDatabaseTable" namespace="global">
        <metrics complexity="0" methods="0" coveredmethods="0" conditionals="0" coveredconditionals="0" statements="0" coveredstatements="0" elements="0" coveredelements="0"/>
      </class>
      <metrics loc="23" ncloc="23" classes="0" methods="0" coveredmethods="0" conditionals="0" coveredconditionals="0" statements="0" coveredstatements="0" elements="0" coveredelements="0"/>
    </file>
    <file name="/home/jesper_privat/web-udvikling/photocentral-synology-storage-server/src/Model/DatabaseTables/PhotoDatabaseTable.php">
      <class name="PhotoCentralSynologyStorageServer\Model\DatabaseTables\PhotoDatabaseTable" namespace="global">
        <metrics complexity="0" methods="0" coveredmethods="0" conditionals="0" coveredconditionals="0" statements="0" coveredstatements="0" elements="0" coveredelements="0"/>
      </class>
      <metrics loc="22" ncloc="22" classes="0" methods="0" coveredmethods="0" conditionals="0" coveredconditionals="0" statements="0" coveredstatements="0" elements="0" coveredelements="0"/>
    </file>
    <file name="/home/jesper_privat/web-udvikling/photocentral-synology-storage-server/src/Model/DatabaseTables/SynologyPhotoCollectionDatabaseTable.php">
      <class name="PhotoCentralSynologyStorageServer\Model\DatabaseTables\SynologyPhotoCollectionDatabaseTable" namespace="global">
        <metrics complexity="0" methods="0" coveredmethods="0" conditionals="0" coveredconditionals="0" statements="0" coveredstatements="0" elements="0" coveredelements="0"/>
      </class>
      <metrics loc="17" ncloc="17" classes="0" methods="0" coveredmethods="0" conditionals="0" coveredconditionals="0" statements="0" coveredstatements="0" elements="0" coveredelements="0"/>
    </file>
    <file name="/home/jesper_privat/web-udvikling/photocentral-synology-storage-server/src/Model/FileSystemDiffReport.php">
      <class name="PhotoCentralSynologyStorageServer\Model\FileSystemDiffReport" namespace="global">
        <metrics complexity="8" methods="8" coveredmethods="8" conditionals="0" coveredconditionals="0" statements="11" coveredstatements="11" elements="19" coveredelements="19"/>
      </class>
      <line num="35" type="method" name="addEntryToRemovedMap" visibility="public" complexity="1" crap="1" count="3"/>
      <line num="37" type="stmt" count="3"/>
      <line num="38" type="stmt" count="3"/>
      <line num="40" type="stmt" count="3"/>
      <line num="43" type="method" name="addEntryToAddedMap" visibility="public" complexity="1" crap="1" count="4"/>
      <line num="45" type="stmt" count="4"/>
      <line num="46" type="stmt" count="4"/>
      <line num="49" type="method" name="addEntryToMovedMap" visibility="public" complexity="1" crap="1" count="1"/>
      <line num="51" type="stmt" count="1"/>
      <line num="54" type="method" name="getMovedLinuxFilesMap" visibility="public" complexity="1" crap="1" count="6"/>
      <line num="56" type="stmt" count="6"/>
      <line num="59" type="method" name="getAddedLinuxFilesMap" visibility="public" complexity="1" crap="1" count="6"/>
      <line num="61" type="stmt" count="6"/>
      <line num="64" type="method" name="getRemovedLinuxFilesMap" visibility="public" complexity="1" crap="1" count="6"/>
      <line num="66" type="stmt" count="6"/>
      <line num="69" type="method" name="removeEntryFromRemovedLinuxFilesMap" visibility="public" complexity="1" crap="1" count="1"/>
      <line num="71" type="stmt" count="1"/>
      <line num="74" type="method" name="removeEntryFromAddedLinuxFilesMap" visibility="public" complexity="1" crap="1" count="1"/>
      <line num="76" type="stmt" count="1"/>
      <metrics loc="79" ncloc="59" classes="1" methods="8" coveredmethods="8" conditionals="0" coveredconditionals="0" statements="11" coveredstatements="11" elements="19" coveredelements="19"/>
    </file>
    <file name="/home/jesper_privat/web-udvikling/photocentral-synology-storage-server/src/Model/FileSystemDiffReportList.php">
      <class name="PhotoCentralSynologyStorageServer\Model\FileSystemDiffReportList" namespace="global">
        <metrics complexity="2" methods="2" coveredmethods="2" conditionals="0" coveredconditionals="0" statements="2" coveredstatements="2" elements="4" coveredelements="4"/>
      </class>
      <line num="12" type="method" name="add" visibility="public" complexity="1" crap="1" count="6"/>
      <line num="14" type="stmt" count="6"/>
      <line num="17" type="method" name="get" visibility="public" complexity="1" crap="1" count="6"/>
      <line num="19" type="stmt" count="6"/>
      <metrics loc="22" ncloc="19" classes="1" methods="2" coveredmethods="2" conditionals="0" coveredconditionals="0" statements="2" coveredstatements="2" elements="4" coveredelements="4"/>
    </file>
    <file name="/home/jesper_privat/web-udvikling/photocentral-synology-storage-server/src/Model/LinuxFile.php">
      <class name="PhotoCentralSynologyStorageServer\Model\LinuxFile" namespace="global">
        <metrics complexity="22" methods="22" coveredmethods="20" conditionals="0" coveredconditionals="0" statements="56" coveredstatements="54" elements="78" coveredelements="74"/>
      </class>
      <line num="25" type="method" name="__construct" visibility="public" complexity="1" crap="1" count="14"/>
      <line num="34" type="stmt" count="14"/>
      <line num="35" type="stmt" count="14"/>
      <line num="36" type="stmt" count="14"/>
      <line num="37" type="stmt" count="14"/>
      <line num="38" type="stmt" count="14"/>
      <line num="39" type="stmt" count="14"/>
      <line num="40" type="stmt" count="14"/>
      <line num="43" type="method" name="getFileName" visibility="public" complexity="1" crap="1" count="9"/>
      <line num="45" type="stmt" count="9"/>
      <line num="48" type="method" name="getSynologyPhotoCollectionId" visibility="public" complexity="1" crap="1" count="9"/>
      <line num="50" type="stmt" count="9"/>
      <line num="53" type="method" name="getInodeIndex" visibility="public" complexity="1" crap="1" count="9"/>
      <line num="55" type="stmt" count="9"/>
      <line num="58" type="method" name="getLastModifiedDateTime" visibility="public" complexity="1" crap="1" count="8"/>
      <line num="60" type="stmt" count="8"/>
      <line num="63" type="method" name="getRowAddedDateTime" visibility="public" complexity="1" crap="1" count="4"/>
      <line num="65" type="stmt" count="4"/>
      <line num="68" type="method" name="setRowAddedDateTime" visibility="public" complexity="1" crap="1" count="12"/>
      <line num="70" type="stmt" count="12"/>
      <line num="73" type="method" name="setImported" visibility="public" complexity="1" crap="1" count="12"/>
      <line num="75" type="stmt" count="12"/>
      <line num="78" type="method" name="setImportDate" visibility="public" complexity="1" crap="1" count="12"/>
      <line num="80" type="stmt" count="12"/>
      <line num="83" type="method" name="setPhotoUuid" visibility="public" complexity="1" crap="1" count="1"/>
      <line num="85" type="stmt" count="1"/>
      <line num="88" type="method" name="getFilePath" visibility="public" complexity="1" crap="1" count="9"/>
      <line num="90" type="stmt" count="9"/>
      <line num="93" type="method" name="getPhotoUuid" visibility="public" complexity="1" crap="1" count="12"/>
      <line num="95" type="stmt" count="12"/>
      <line num="98" type="method" name="setSkippedError" visibility="public" complexity="1" crap="1" count="11"/>
      <line num="100" type="stmt" count="11"/>
      <line num="106" type="method" name="isImported" visibility="public" complexity="1" crap="2" count="0"/>
      <line num="108" type="stmt" count="0"/>
      <line num="114" type="method" name="getImportDate" visibility="public" complexity="1" crap="2" count="0"/>
      <line num="116" type="stmt" count="0"/>
      <line num="122" type="method" name="getFileUuid" visibility="public" complexity="1" crap="1" count="9"/>
      <line num="124" type="stmt" count="9"/>
      <line num="127" type="method" name="getFullFileNameAndPath" visibility="public" complexity="1" crap="1" count="3"/>
      <line num="129" type="stmt" count="3"/>
      <line num="132" type="method" name="fromArray" visibility="public" complexity="1" crap="1" count="11"/>
      <line num="134" type="stmt" count="11"/>
      <line num="135" type="stmt" count="11"/>
      <line num="136" type="stmt" count="11"/>
      <line num="137" type="stmt" count="11"/>
      <line num="138" type="stmt" count="11"/>
      <line num="139" type="stmt" count="11"/>
      <line num="140" type="stmt" count="11"/>
      <line num="141" type="stmt" count="11"/>
      <line num="144" type="stmt" count="11"/>
      <line num="145" type="stmt" count="11"/>
      <line num="146" type="stmt" count="11"/>
      <line num="147" type="stmt" count="11"/>
      <line num="148" type="stmt" count="11"/>
      <line num="149" type="stmt" count="11"/>
      <line num="150" type="stmt" count="11"/>
      <line num="152" type="stmt" count="11"/>
      <line num="155" type="method" name="setSceduledForDeletion" visibility="public" complexity="1" crap="1" count="11"/>
      <line num="157" type="stmt" count="11"/>
      <line num="160" type="method" name="toArray" visibility="public" complexity="1" crap="1" count="2"/>
      <line num="163" type="stmt" count="2"/>
      <line num="164" type="stmt" count="2"/>
      <line num="165" type="stmt" count="2"/>
      <line num="166" type="stmt" count="2"/>
      <line num="167" type="stmt" count="2"/>
      <line num="168" type="stmt" count="2"/>
      <line num="169" type="stmt" count="2"/>
      <line num="170" type="stmt" count="2"/>
      <line num="171" type="stmt" count="2"/>
      <line num="172" type="stmt" count="2"/>
      <line num="173" type="stmt" count="2"/>
      <line num="174" type="stmt" count="2"/>
      <line num="175" type="stmt" count="2"/>
      <line num="176" type="stmt" count="2"/>
      <line num="180" type="method" name="setDuplicate" visibility="public" complexity="1" crap="1" count="11"/>
      <line num="182" type="stmt" count="11"/>
      <line num="185" type="method" name="setSkipped" visibility="public" complexity="1" crap="1" count="11"/>
      <line num="187" type="stmt" count="11"/>
      <metrics loc="190" ncloc="181" classes="1" methods="22" coveredmethods="20" conditionals="0" coveredconditionals="0" statements="56" coveredstatements="54" elements="78" coveredelements="74"/>
    </file>
    <file name="/home/jesper_privat/web-udvikling/photocentral-synology-storage-server/src/Model/PhotoFilterOverride/PhotoCollectionIdFilterOverride.php">
      <class name="PhotoCentralSynologyStorageServer\Model\PhotoFilterOverride\PhotoCollectionIdFilterOverride" namespace="global">
        <metrics complexity="1" methods="1" coveredmethods="1" conditionals="0" coveredconditionals="0" statements="2" coveredstatements="2" elements="3" coveredelements="3"/>
      </class>
      <line num="10" type="method" name="getSql" visibility="public" complexity="1" crap="1" count="1"/>
      <line num="12" type="stmt" count="1"/>
      <line num="13" type="stmt" count="1"/>
      <metrics loc="15" ncloc="15" classes="1" methods="1" coveredmethods="1" conditionals="0" coveredconditionals="0" statements="2" coveredstatements="2" elements="3" coveredelements="3"/>
    </file>
    <file name="/home/jesper_privat/web-udvikling/photocentral-synology-storage-server/src/Model/PhotoFilterOverride/PhotoDateTimeRangeFilterOverride.php">
      <class name="PhotoCentralSynologyStorageServer\Model\PhotoFilterOverride\PhotoDateTimeRangeFilterOverride" namespace="global">
        <metrics complexity="1" methods="1" coveredmethods="0" conditionals="0" coveredconditionals="0" statements="1" coveredstatements="0" elements="2" coveredelements="0"/>
      </class>
      <line num="10" type="method" name="getSql" visibility="public" complexity="1" crap="2" count="0"/>
      <line num="12" type="stmt" count="0"/>
      <metrics loc="14" ncloc="14" classes="1" methods="1" coveredmethods="0" conditionals="0" coveredconditionals="0" statements="1" coveredstatements="0" elements="2" coveredelements="0"/>
    </file>
    <file name="/home/jesper_privat/web-udvikling/photocentral-synology-storage-server/src/Model/PhotoFilterOverride/PhotoFilterOverride.php">
      <metrics loc="8" ncloc="8" classes="0" methods="0" coveredmethods="0" conditionals="0" coveredconditionals="0" statements="0" coveredstatements="0" elements="0" coveredelements="0"/>
    </file>
    <file name="/home/jesper_privat/web-udvikling/photocentral-synology-storage-server/src/Model/PhotoSortingOverride/PhotoSortingOverride.php">
      <metrics loc="8" ncloc="8" classes="0" methods="0" coveredmethods="0" conditionals="0" coveredconditionals="0" statements="0" coveredstatements="0" elements="0" coveredelements="0"/>
    </file>
    <file name="/home/jesper_privat/web-udvikling/photocentral-synology-storage-server/src/Model/PhotoSortingOverride/SortByAddedTimestampOverride.php">
      <class name="PhotoCentralSynologyStorageServer\Model\PhotoSortingOverride\SortByAddedTimestampOverride" namespace="global">
        <metrics complexity="1" methods="1" coveredmethods="1" conditionals="0" coveredconditionals="0" statements="1" coveredstatements="1" elements="2" coveredelements="2"/>
      </class>
      <line num="10" type="method" name="getSql" visibility="public" complexity="1" crap="1" count="1"/>
      <line num="12" type="stmt" count="1"/>
      <metrics loc="14" ncloc="14" classes="1" methods="1" coveredmethods="1" conditionals="0" coveredconditionals="0" statements="1" coveredstatements="1" elements="2" coveredelements="2"/>
    </file>
    <file name="/home/jesper_privat/web-udvikling/photocentral-synology-storage-server/src/Model/PhotoSortingOverride/SortByPhotoDateTimeOverride.php">
      <class name="PhotoCentralSynologyStorageServer\Model\PhotoSortingOverride\SortByPhotoDateTimeOverride" namespace="global">
        <metrics complexity="1" methods="1" coveredmethods="0" conditionals="0" coveredconditionals="0" statements="1" coveredstatements="0" elements="2" coveredelements="0"/>
      </class>
      <line num="10" type="method" name="getSql" visibility="public" complexity="1" crap="2" count="0"/>
      <line num="12" type="stmt" count="0"/>
      <metrics loc="14" ncloc="14" classes="1" methods="1" coveredmethods="0" conditionals="0" coveredconditionals="0" statements="1" coveredstatements="0" elements="2" coveredelements="0"/>
    </file>
    <file name="/home/jesper_privat/web-udvikling/photocentral-synology-storage-server/src/Model/SynologyPhotoCollection.php">
      <class name="PhotoCentralSynologyStorageServer\Model\SynologyPhotoCollection" namespace="global">
        <metrics complexity="6" methods="6" coveredmethods="6" conditionals="0" coveredconditionals="0" statements="21" coveredstatements="21" elements="27" coveredelements="27"/>
      </class>
      <line num="14" type="method" name="__construct" visibility="public" complexity="1" crap="1" count="9"/>
      <line num="23" type="stmt" count="9"/>
      <line num="24" type="stmt" count="9"/>
      <line num="25" type="stmt" count="9"/>
      <line num="28" type="method" name="getImageSourcePath" visibility="public" complexity="1" crap="1" count="9"/>
      <line num="30" type="stmt" count="9"/>
      <line num="33" type="method" name="getStatusFilesPath" visibility="public" complexity="1" crap="1" count="9"/>
      <line num="35" type="stmt" count="9"/>
      <line num="38" type="method" name="jsonSerialize" visibility="public" complexity="1" crap="1" count="1"/>
      <line num="40" type="stmt" count="1"/>
      <line num="43" type="method" name="toArray" visibility="public" complexity="1" crap="1" count="6"/>
      <line num="46" type="stmt" count="6"/>
      <line num="47" type="stmt" count="6"/>
      <line num="48" type="stmt" count="6"/>
      <line num="49" type="stmt" count="6"/>
      <line num="50" type="stmt" count="6"/>
      <line num="51" type="stmt" count="6"/>
      <line num="52" type="stmt" count="6"/>
      <line num="56" type="method" name="fromArray" visibility="public" complexity="1" crap="1" count="8"/>
      <line num="58" type="stmt" count="8"/>
      <line num="59" type="stmt" count="8"/>
      <line num="60" type="stmt" count="8"/>
      <line num="61" type="stmt" count="8"/>
      <line num="62" type="stmt" count="8"/>
      <line num="63" type="stmt" count="8"/>
      <line num="64" type="stmt" count="8"/>
      <line num="65" type="stmt" count="8"/>
      <metrics loc="69" ncloc="69" classes="1" methods="6" coveredmethods="6" conditionals="0" coveredconditionals="0" statements="21" coveredstatements="21" elements="27" coveredelements="27"/>
    </file>
    <file name="/home/jesper_privat/web-udvikling/photocentral-synology-storage-server/src/Provider.php">
      <class name="PhotoCentralSynologyStorageServer\Provider" namespace="global">
        <metrics complexity="10" methods="9" coveredmethods="1" conditionals="0" coveredconditionals="0" statements="41" coveredstatements="10" elements="50" coveredelements="11"/>
      </class>
      <line num="35" type="method" name="__construct" visibility="public" complexity="1" crap="2" count="0"/>
      <line num="40" type="stmt" count="0"/>
      <line num="41" type="stmt" count="0"/>
      <line num="42" type="stmt" count="0"/>
      <line num="45" type="method" name="initialize" visibility="public" complexity="1" crap="2" count="0"/>
      <line num="47" type="stmt" count="0"/>
      <line num="48" type="stmt" count="0"/>
      <line num="51" type="method" name="importPhotos" visibility="public" complexity="1" crap="1" count="6"/>
      <line num="54" type="stmt" count="6"/>
      <line num="55" type="stmt" count="6"/>
      <line num="58" type="method" name="runController" visibility="public" complexity="2" crap="2.02" count="8"/>
      <line num="63" type="stmt" count="8"/>
      <line num="65" type="stmt" count="8"/>
      <line num="66" type="stmt" count="8"/>
      <line num="67" type="stmt" count="8"/>
      <line num="68" type="stmt" count="8"/>
      <line num="70" type="stmt" count="0"/>
      <line num="73" type="method" name="registerDependencies" visibility="private" complexity="1" crap="1.70" count="9"/>
      <line num="75" type="stmt" count="0"/>
      <line num="77" type="stmt" count="0"/>
      <line num="78" type="stmt" count="9"/>
      <line num="81" type="stmt" count="0"/>
      <line num="82" type="stmt" count="0"/>
      <line num="83" type="stmt" count="0"/>
      <line num="84" type="stmt" count="0"/>
      <line num="86" type="stmt" count="0"/>
      <line num="88" type="stmt" count="0"/>
      <line num="91" type="method" name="registerRepositories" visibility="private" complexity="1" crap="2" count="0"/>
      <line num="93" type="stmt" count="0"/>
      <line num="94" type="stmt" count="0"/>
      <line num="95" type="stmt" count="0"/>
      <line num="96" type="stmt" count="0"/>
      <line num="99" type="method" name="registerControllers" visibility="private" complexity="1" crap="2" count="0"/>
      <line num="101" type="stmt" count="0"/>
      <line num="102" type="stmt" count="0"/>
      <line num="103" type="stmt" count="0"/>
      <line num="104" type="stmt" count="0"/>
      <line num="105" type="stmt" count="0"/>
      <line num="106" type="stmt" count="0"/>
      <line num="107" type="stmt" count="0"/>
      <line num="108" type="stmt" count="0"/>
      <line num="109" type="stmt" count="0"/>
      <line num="112" type="method" name="registerServices" visibility="private" complexity="1" crap="1.30" count="1"/>
      <line num="114" type="stmt" count="0"/>
      <line num="115" type="stmt" count="0"/>
      <line num="116" type="stmt" count="1"/>
      <line num="120" type="method" name="registerFactories" visibility="private" complexity="1" crap="1.30" count="4"/>
      <line num="122" type="stmt" count="0"/>
      <line num="123" type="stmt" count="0"/>
      <line num="124" type="stmt" count="4"/>
      <metrics loc="128" ncloc="124" classes="1" methods="9" coveredmethods="1" conditionals="0" coveredconditionals="0" statements="41" coveredstatements="10" elements="50" coveredelements="11"/>
    </file>
    <file name="/home/jesper_privat/web-udvikling/photocentral-synology-storage-server/src/Repository/LinuxFileRepository.php">
      <class name="PhotoCentralSynologyStorageServer\Repository\LinuxFileRepository" namespace="global">
        <metrics complexity="31" methods="17" coveredmethods="17" conditionals="0" coveredconditionals="0" statements="130" coveredstatements="130" elements="147" coveredelements="147"/>
      </class>
      <line num="20" type="method" name="__construct" visibility="public" complexity="1" crap="1" count="11"/>
      <line num="22" type="stmt" count="11"/>
      <line num="25" type="method" name="connectToDb" visibility="public" complexity="1" crap="1" count="16"/>
      <line num="27" type="stmt" count="16"/>
      <line num="28" type="stmt" count="16"/>
      <line num="29" type="stmt" count="16"/>
      <line num="30" type="stmt" count="16"/>
      <line num="31" type="stmt" count="16"/>
      <line num="34" type="stmt" count="16"/>
      <line num="44" type="method" name="search" visibility="public" complexity="3" crap="3" count="3"/>
      <line num="46" type="stmt" count="3"/>
      <line num="48" type="stmt" count="3"/>
      <line num="49" type="stmt" count="2"/>
      <line num="52" type="stmt" count="1"/>
      <line num="53" type="stmt" count="1"/>
      <line num="56" type="stmt" count="3"/>
      <line num="58" type="stmt" count="3"/>
      <line num="59" type="stmt" count="2"/>
      <line num="60" type="stmt" count="2"/>
      <line num="63" type="stmt" count="3"/>
      <line num="66" type="method" name="add" visibility="public" complexity="1" crap="1" count="1"/>
      <line num="68" type="stmt" count="1"/>
      <line num="69" type="stmt" count="1"/>
      <line num="70" type="stmt" count="1"/>
      <line num="71" type="stmt" count="1"/>
      <line num="72" type="stmt" count="1"/>
      <line num="73" type="stmt" count="1"/>
      <line num="74" type="stmt" count="1"/>
      <line num="77" type="method" name="update" visibility="public" complexity="1" crap="1" count="1"/>
      <line num="79" type="stmt" count="1"/>
      <line num="80" type="stmt" count="1"/>
      <line num="81" type="stmt" count="1"/>
      <line num="84" type="stmt" count="1"/>
      <line num="86" type="stmt" count="1"/>
      <line num="87" type="stmt" count="1"/>
      <line num="92" type="method" name="delete" visibility="public" complexity="1" crap="1" count="2"/>
      <line num="94" type="stmt" count="2"/>
      <line num="95" type="stmt" count="2"/>
      <line num="96" type="stmt" count="2"/>
      <line num="102" type="method" name="getByInode" visibility="public" complexity="2" crap="2" count="5"/>
      <line num="104" type="stmt" count="5"/>
      <line num="105" type="stmt" count="5"/>
      <line num="106" type="stmt" count="5"/>
      <line num="107" type="stmt" count="5"/>
      <line num="108" type="stmt" count="5"/>
      <line num="109" type="stmt" count="5"/>
      <line num="111" type="stmt" count="5"/>
      <line num="112" type="stmt" count="4"/>
      <line num="114" type="stmt" count="1"/>
      <line num="118" type="method" name="getByPhotoUuid" visibility="public" complexity="3" crap="3" count="4"/>
      <line num="120" type="stmt" count="4"/>
      <line num="121" type="stmt" count="4"/>
      <line num="122" type="stmt" count="4"/>
      <line num="123" type="stmt" count="4"/>
      <line num="126" type="stmt" count="4"/>
      <line num="127" type="stmt" count="4"/>
      <line num="130" type="stmt" count="4"/>
      <line num="132" type="stmt" count="4"/>
      <line num="133" type="stmt" count="2"/>
      <line num="135" type="stmt" count="3"/>
      <line num="144" type="method" name="list" visibility="public" complexity="2" crap="2" count="2"/>
      <line num="146" type="stmt" count="2"/>
      <line num="147" type="stmt" count="2"/>
      <line num="148" type="stmt" count="2"/>
      <line num="149" type="stmt" count="2"/>
      <line num="150" type="stmt" count="2"/>
      <line num="151" type="stmt" count="2"/>
      <line num="153" type="stmt" count="2"/>
      <line num="154" type="stmt" count="2"/>
      <line num="155" type="stmt" count="2"/>
      <line num="158" type="stmt" count="2"/>
      <line num="161" type="method" name="bulkAdd" visibility="public" complexity="4" crap="4" count="10"/>
      <line num="163" type="stmt" count="10"/>
      <line num="164" type="stmt" count="10"/>
      <line num="176" type="stmt" count="10"/>
      <line num="178" type="stmt" count="7"/>
      <line num="179" type="stmt" count="7"/>
      <line num="180" type="stmt" count="7"/>
      <line num="183" type="stmt" count="7"/>
      <line num="184" type="stmt" count="7"/>
      <line num="185" type="stmt" count="7"/>
      <line num="187" type="stmt" count="7"/>
      <line num="188" type="stmt" count="7"/>
      <line num="189" type="stmt" count="7"/>
      <line num="191" type="stmt" count="7"/>
      <line num="192" type="stmt" count="7"/>
      <line num="193" type="stmt" count="7"/>
      <line num="194" type="stmt" count="7"/>
      <line num="197" type="stmt" count="7"/>
      <line num="201" type="stmt" count="7"/>
      <line num="202" type="stmt" count="7"/>
      <line num="203" type="stmt" count="7"/>
      <line num="207" type="method" name="handleDuplicateInserts" visibility="private" complexity="4" crap="4" count="7"/>
      <line num="209" type="stmt" count="7"/>
      <line num="211" type="stmt" count="7"/>
      <line num="212" type="stmt" count="1"/>
      <line num="214" type="stmt" count="1"/>
      <line num="216" type="stmt" count="1"/>
      <line num="217" type="stmt" count="1"/>
      <line num="218" type="stmt" count="1"/>
      <line num="219" type="stmt" count="1"/>
      <line num="221" type="stmt" count="1"/>
      <line num="223" type="stmt" count="1"/>
      <line num="224" type="stmt" count="1"/>
      <line num="225" type="stmt" count="1"/>
      <line num="226" type="stmt" count="1"/>
      <line num="227" type="stmt" count="1"/>
      <line num="233" type="method" name="removeDuplicateFlag" visibility="private" complexity="1" crap="1" count="1"/>
      <line num="235" type="stmt" count="1"/>
      <line num="236" type="stmt" count="1"/>
      <line num="242" type="method" name="listDuplicates" visibility="private" complexity="2" crap="2" count="7"/>
      <line num="244" type="stmt" count="7"/>
      <line num="245" type="stmt" count="7"/>
      <line num="246" type="stmt" count="7"/>
      <line num="247" type="stmt" count="7"/>
      <line num="248" type="stmt" count="7"/>
      <line num="249" type="stmt" count="7"/>
      <line num="251" type="stmt" count="7"/>
      <line num="252" type="stmt" count="1"/>
      <line num="253" type="stmt" count="1"/>
      <line num="256" type="stmt" count="7"/>
      <line num="265" type="method" name="listLinuxFilesNotImported" visibility="public" complexity="2" crap="2" count="6"/>
      <line num="267" type="stmt" count="6"/>
      <line num="268" type="stmt" count="6"/>
      <line num="269" type="stmt" count="6"/>
      <line num="270" type="stmt" count="6"/>
      <line num="271" type="stmt" count="6"/>
      <line num="272" type="stmt" count="6"/>
      <line num="273" type="stmt" count="6"/>
      <line num="274" type="stmt" count="6"/>
      <line num="275" type="stmt" count="6"/>
      <line num="277" type="stmt" count="6"/>
      <line num="278" type="stmt" count="3"/>
      <line num="279" type="stmt" count="3"/>
      <line num="282" type="stmt" count="6"/>
      <line num="285" type="method" name="setSkippedError" visibility="public" complexity="1" crap="1" count="1"/>
      <line num="287" type="stmt" count="1"/>
      <line num="291" type="stmt" count="1"/>
      <line num="296" type="method" name="setDuplicate" visibility="public" complexity="1" crap="1" count="1"/>
      <line num="298" type="stmt" count="1"/>
      <line num="302" type="stmt" count="1"/>
      <line num="306" type="method" name="bulkSetImported" visibility="public" complexity="1" crap="1" count="6"/>
      <line num="308" type="stmt" count="6"/>
      <line num="310" type="stmt" count="6"/>
      <line num="311" type="stmt" count="6"/>
      <line num="312" type="stmt" count="6"/>
      <line num="314" type="stmt" count="6"/>
      <metrics loc="317" ncloc="284" classes="1" methods="17" coveredmethods="17" conditionals="0" coveredconditionals="0" statements="130" coveredstatements="130" elements="147" coveredelements="147"/>
    </file>
    <file name="/home/jesper_privat/web-udvikling/photocentral-synology-storage-server/src/Repository/PhotoQuantityRepository.php">
      <class name="PhotoCentralSynologyStorageServer\Repository\PhotoQuantityRepository" namespace="global">
        <metrics complexity="17" methods="5" coveredmethods="2" conditionals="0" coveredconditionals="0" statements="62" coveredstatements="59" elements="67" coveredelements="61"/>
      </class>
      <line num="19" type="method" name="__construct" visibility="public" complexity="1" crap="1" count="6"/>
      <line num="21" type="stmt" count="6"/>
      <line num="24" type="method" name="connectToDb" visibility="public" complexity="1" crap="1" count="6"/>
      <line num="26" type="stmt" count="6"/>
      <line num="27" type="stmt" count="6"/>
      <line num="28" type="stmt" count="6"/>
      <line num="29" type="stmt" count="6"/>
      <line num="30" type="stmt" count="6"/>
      <line num="33" type="stmt" count="6"/>
      <line num="41" type="method" name="listPhotoQuantityByYear" visibility="public" complexity="5" crap="5" count="2"/>
      <line num="43" type="stmt" count="2"/>
      <line num="44" type="stmt" count="0"/>
      <line num="47" type="stmt" count="2"/>
      <line num="48" type="stmt" count="2"/>
      <line num="49" type="stmt" count="2"/>
      <line num="51" type="stmt" count="2"/>
      <line num="52" type="stmt" count="2"/>
      <line num="53" type="stmt" count="2"/>
      <line num="54" type="stmt" count="2"/>
      <line num="55" type="stmt" count="2"/>
      <line num="56" type="stmt" count="2"/>
      <line num="57" type="stmt" count="2"/>
      <line num="60" type="stmt" count="2"/>
      <line num="61" type="stmt" count="1"/>
      <line num="62" type="stmt" count="1"/>
      <line num="65" type="stmt" count="2"/>
      <line num="66" type="stmt" count="2"/>
      <line num="68" type="stmt" count="2"/>
      <line num="69" type="stmt" count="2"/>
      <line num="72" type="stmt" count="2"/>
      <line num="75" type="method" name="listPhotoQuantityByMonth" visibility="public" complexity="5" crap="5.01" count="2"/>
      <line num="77" type="stmt" count="2"/>
      <line num="78" type="stmt" count="0"/>
      <line num="81" type="stmt" count="2"/>
      <line num="83" type="stmt" count="2"/>
      <line num="84" type="stmt" count="2"/>
      <line num="85" type="stmt" count="2"/>
      <line num="86" type="stmt" count="2"/>
      <line num="87" type="stmt" count="2"/>
      <line num="88" type="stmt" count="2"/>
      <line num="91" type="stmt" count="2"/>
      <line num="92" type="stmt" count="1"/>
      <line num="93" type="stmt" count="1"/>
      <line num="96" type="stmt" count="2"/>
      <line num="97" type="stmt" count="2"/>
      <line num="99" type="stmt" count="2"/>
      <line num="100" type="stmt" count="2"/>
      <line num="103" type="stmt" count="2"/>
      <line num="106" type="method" name="listPhotoQuantityByDay" visibility="public" complexity="5" crap="5.00" count="2"/>
      <line num="108" type="stmt" count="2"/>
      <line num="109" type="stmt" count="0"/>
      <line num="111" type="stmt" count="2"/>
      <line num="113" type="stmt" count="2"/>
      <line num="114" type="stmt" count="2"/>
      <line num="115" type="stmt" count="2"/>
      <line num="116" type="stmt" count="2"/>
      <line num="117" type="stmt" count="2"/>
      <line num="118" type="stmt" count="2"/>
      <line num="119" type="stmt" count="2"/>
      <line num="122" type="stmt" count="2"/>
      <line num="123" type="stmt" count="1"/>
      <line num="124" type="stmt" count="1"/>
      <line num="127" type="stmt" count="2"/>
      <line num="128" type="stmt" count="2"/>
      <line num="130" type="stmt" count="2"/>
      <line num="131" type="stmt" count="2"/>
      <line num="134" type="stmt" count="2"/>
      <metrics loc="137" ncloc="132" classes="1" methods="5" coveredmethods="2" conditionals="0" coveredconditionals="0" statements="62" coveredstatements="59" elements="67" coveredelements="61"/>
    </file>
    <file name="/home/jesper_privat/web-udvikling/photocentral-synology-storage-server/src/Repository/PhotoRepository.php">
      <class name="PhotoCentralSynologyStorageServer\Repository\PhotoRepository" namespace="global">
        <metrics complexity="16" methods="9" coveredmethods="9" conditionals="0" coveredconditionals="0" statements="74" coveredstatements="74" elements="83" coveredelements="83"/>
      </class>
      <line num="19" type="method" name="__construct" visibility="public" complexity="1" crap="1" count="6"/>
      <line num="21" type="stmt" count="6"/>
      <line num="22" type="stmt" count="6"/>
      <line num="25" type="method" name="connectToDb" visibility="public" complexity="1" crap="1" count="11"/>
      <line num="27" type="stmt" count="11"/>
      <line num="28" type="stmt" count="11"/>
      <line num="29" type="stmt" count="11"/>
      <line num="30" type="stmt" count="11"/>
      <line num="31" type="stmt" count="11"/>
      <line num="34" type="stmt" count="11"/>
      <line num="42" type="method" name="list" visibility="public" complexity="2" crap="2" count="2"/>
      <line num="44" type="stmt" count="2"/>
      <line num="46" type="stmt" count="2"/>
      <line num="47" type="stmt" count="2"/>
      <line num="48" type="stmt" count="2"/>
      <line num="49" type="stmt" count="2"/>
      <line num="50" type="stmt" count="2"/>
      <line num="52" type="stmt" count="2"/>
      <line num="54" type="stmt" count="2"/>
      <line num="55" type="stmt" count="2"/>
      <line num="56" type="stmt" count="2"/>
      <line num="57" type="stmt" count="2"/>
      <line num="60" type="stmt" count="2"/>
      <line num="70" type="method" name="listWithFilters" visibility="public" complexity="4" crap="4" count="1"/>
      <line num="72" type="stmt" count="1"/>
      <line num="74" type="stmt" count="1"/>
      <line num="76" type="stmt" count="1"/>
      <line num="77" type="stmt" count="1"/>
      <line num="78" type="stmt" count="1"/>
      <line num="81" type="stmt" count="1"/>
      <line num="82" type="stmt" count="1"/>
      <line num="83" type="stmt" count="1"/>
      <line num="86" type="stmt" count="1"/>
      <line num="87" type="stmt" count="1"/>
      <line num="89" type="stmt" count="1"/>
      <line num="90" type="stmt" count="1"/>
      <line num="91" type="stmt" count="1"/>
      <line num="94" type="stmt" count="1"/>
      <line num="97" type="method" name="add" visibility="public" complexity="1" crap="1" count="1"/>
      <line num="99" type="stmt" count="1"/>
      <line num="101" type="stmt" count="1"/>
      <line num="102" type="stmt" count="1"/>
      <line num="110" type="method" name="bulkAdd" visibility="public" complexity="3" crap="3" count="6"/>
      <line num="112" type="stmt" count="6"/>
      <line num="113" type="stmt" count="4"/>
      <line num="116" type="stmt" count="3"/>
      <line num="117" type="stmt" count="3"/>
      <line num="118" type="stmt" count="3"/>
      <line num="131" type="stmt" count="3"/>
      <line num="132" type="stmt" count="3"/>
      <line num="134" type="stmt" count="3"/>
      <line num="135" type="stmt" count="3"/>
      <line num="136" type="stmt" count="3"/>
      <line num="137" type="stmt" count="3"/>
      <line num="138" type="stmt" count="3"/>
      <line num="139" type="stmt" count="3"/>
      <line num="140" type="stmt" count="3"/>
      <line num="141" type="stmt" count="3"/>
      <line num="142" type="stmt" count="3"/>
      <line num="143" type="stmt" count="3"/>
      <line num="144" type="stmt" count="3"/>
      <line num="145" type="stmt" count="3"/>
      <line num="147" type="stmt" count="3"/>
      <line num="151" type="stmt" count="3"/>
      <line num="152" type="stmt" count="3"/>
      <line num="153" type="stmt" count="3"/>
      <line num="156" type="method" name="dbNULL" visibility="private" complexity="1" crap="1" count="3"/>
      <line num="157" type="stmt" count="3"/>
      <line num="163" type="method" name="get" visibility="public" complexity="2" crap="2" count="3"/>
      <line num="165" type="stmt" count="3"/>
      <line num="166" type="stmt" count="3"/>
      <line num="167" type="stmt" count="3"/>
      <line num="168" type="stmt" count="3"/>
      <line num="169" type="stmt" count="3"/>
      <line num="170" type="stmt" count="3"/>
      <line num="172" type="stmt" count="3"/>
      <line num="173" type="stmt" count="2"/>
      <line num="174" type="stmt" count="2"/>
      <line num="176" type="stmt" count="1"/>
      <line num="180" type="method" name="delete" visibility="public" complexity="1" crap="1" count="2"/>
      <line num="182" type="stmt" count="2"/>
      <line num="183" type="stmt" count="2"/>
      <line num="184" type="stmt" count="2"/>
      <metrics loc="187" ncloc="165" classes="1" methods="9" coveredmethods="9" conditionals="0" coveredconditionals="0" statements="74" coveredstatements="74" elements="83" coveredelements="83"/>
    </file>
    <file name="/home/jesper_privat/web-udvikling/photocentral-synology-storage-server/src/Repository/SynologyPhotoCollectionRepository.php">
      <class name="PhotoCentralSynologyStorageServer\Repository\SynologyPhotoCollectionRepository" namespace="global">
        <metrics complexity="8" methods="5" coveredmethods="4" conditionals="0" coveredconditionals="0" statements="27" coveredstatements="26" elements="32" coveredelements="30"/>
      </class>
      <line num="17" type="method" name="__construct" visibility="public" complexity="1" crap="1" count="7"/>
      <line num="19" type="stmt" count="7"/>
      <line num="22" type="method" name="connectToDb" visibility="public" complexity="1" crap="1" count="10"/>
      <line num="24" type="stmt" count="10"/>
      <line num="25" type="stmt" count="10"/>
      <line num="26" type="stmt" count="10"/>
      <line num="27" type="stmt" count="10"/>
      <line num="28" type="stmt" count="10"/>
      <line num="31" type="stmt" count="10"/>
      <line num="34" type="method" name="add" visibility="public" complexity="1" crap="1" count="5"/>
      <line num="36" type="stmt" count="5"/>
      <line num="42" type="method" name="get" visibility="public" complexity="2" crap="2" count="2"/>
      <line num="44" type="stmt" count="2"/>
      <line num="45" type="stmt" count="2"/>
      <line num="46" type="stmt" count="2"/>
      <line num="47" type="stmt" count="2"/>
      <line num="48" type="stmt" count="2"/>
      <line num="51" type="stmt" count="2"/>
      <line num="52" type="stmt" count="1"/>
      <line num="55" type="stmt" count="1"/>
      <line num="56" type="stmt" count="1"/>
      <line num="62" type="method" name="list" visibility="public" complexity="3" crap="3.01" count="7"/>
      <line num="64" type="stmt" count="7"/>
      <line num="66" type="stmt" count="7"/>
      <line num="67" type="stmt" count="7"/>
      <line num="68" type="stmt" count="7"/>
      <line num="69" type="stmt" count="7"/>
      <line num="72" type="stmt" count="7"/>
      <line num="73" type="stmt" count="0"/>
      <line num="75" type="stmt" count="7"/>
      <line num="76" type="stmt" count="7"/>
      <line num="80" type="stmt" count="7"/>
      <metrics loc="84" ncloc="78" classes="1" methods="5" coveredmethods="4" conditionals="0" coveredconditionals="0" statements="27" coveredstatements="26" elements="32" coveredelements="30"/>
    </file>
    <file name="/home/jesper_privat/web-udvikling/photocentral-synology-storage-server/src/Service/PhotoBulkAddService.php">
      <class name="PhotoCentralSynologyStorageServer\Service\PhotoBulkAddService" namespace="global">
        <metrics complexity="4" methods="2" coveredmethods="2" conditionals="0" coveredconditionals="0" statements="14" coveredstatements="14" elements="16" coveredelements="16"/>
      </class>
      <line num="18" type="method" name="__construct" visibility="public" complexity="1" crap="1" count="1"/>
      <line num="23" type="stmt" count="1"/>
      <line num="24" type="stmt" count="1"/>
      <line num="25" type="stmt" count="1"/>
      <line num="35" type="method" name="addPhotosToDatabase" visibility="public" complexity="3" crap="3" count="6"/>
      <line num="37" type="stmt" count="6"/>
      <line num="38" type="stmt" count="6"/>
      <line num="39" type="stmt" count="6"/>
      <line num="41" type="stmt" count="6"/>
      <line num="43" type="stmt" count="3"/>
      <line num="45" type="stmt" count="3"/>
      <line num="46" type="stmt" count="3"/>
      <line num="47" type="stmt" count="3"/>
      <line num="51" type="stmt" count="6"/>
      <line num="52" type="stmt" count="6"/>
      <line num="53" type="stmt" count="6"/>
      <metrics loc="56" ncloc="49" classes="1" methods="2" coveredmethods="2" conditionals="0" coveredconditionals="0" statements="14" coveredstatements="14" elements="16" coveredelements="16"/>
    </file>
    <file name="/home/jesper_privat/web-udvikling/photocentral-synology-storage-server/src/Service/PhotoFilterOverrideService.php">
      <class name="PhotoCentralSynologyStorageServer\Service\PhotoFilterOverrideService" namespace="global">
        <metrics complexity="4" methods="1" coveredmethods="0" conditionals="0" coveredconditionals="0" statements="7" coveredstatements="4" elements="8" coveredelements="4"/>
      </class>
      <line num="16" type="method" name="map" visibility="public" complexity="4" crap="5.26" count="1"/>
      <line num="17" type="stmt" count="1"/>
      <line num="20" type="stmt" count="1"/>
      <line num="21" type="stmt" count="1"/>
      <line num="24" type="stmt" count="0"/>
      <line num="25" type="stmt" count="0"/>
      <line num="28" type="stmt" count="0"/>
      <line num="31" type="stmt" count="1"/>
      <metrics loc="34" ncloc="31" classes="1" methods="1" coveredmethods="0" conditionals="0" coveredconditionals="0" statements="7" coveredstatements="4" elements="8" coveredelements="4"/>
    </file>
    <file name="/home/jesper_privat/web-udvikling/photocentral-synology-storage-server/src/Service/PhotoImportService.php">
      <class name="PhotoCentralSynologyStorageServer\Service\PhotoImportService" namespace="global">
        <metrics complexity="20" methods="11" coveredmethods="10" conditionals="0" coveredconditionals="0" statements="60" coveredstatements="59" elements="71" coveredelements="69"/>
      </class>
      <line num="30" type="method" name="__construct" visibility="public" complexity="1" crap="1" count="1"/>
      <line num="36" type="stmt" count="1"/>
      <line num="37" type="stmt" count="1"/>
      <line num="38" type="stmt" count="1"/>
      <line num="39" type="stmt" count="1"/>
      <line num="40" type="stmt" count="1"/>
      <line num="43" type="method" name="import" visibility="public" complexity="3" crap="3.00" count="6"/>
      <line num="45" type="stmt" count="6"/>
      <line num="46" type="stmt" count="6"/>
      <line num="48" type="stmt" count="6"/>
      <line num="50" type="stmt" count="6"/>
      <line num="51" type="stmt" count="6"/>
      <line num="53" type="stmt" count="6"/>
      <line num="54" type="stmt" count="6"/>
      <line num="57" type="stmt" count="6"/>
      <line num="58" type="stmt" count="0"/>
      <line num="61" type="stmt" count="6"/>
      <line num="63" type="stmt" count="6"/>
      <line num="71" type="stmt" count="6"/>
      <line num="74" type="stmt" count="6"/>
      <line num="76" type="stmt" count="6"/>
      <line num="79" type="stmt" count="6"/>
      <line num="81" type="stmt" count="6"/>
      <line num="83" type="stmt" count="6"/>
      <line num="87" type="stmt" count="6"/>
      <line num="90" type="method" name="updateDatabaseWithFileSystemChanges" visibility="private" complexity="4" crap="4" count="6"/>
      <line num="94" type="stmt" count="6"/>
      <line num="96" type="stmt" count="6"/>
      <line num="97" type="stmt" count="5"/>
      <line num="98" type="stmt" count="4"/>
      <line num="101" type="stmt" count="5"/>
      <line num="102" type="stmt" count="3"/>
      <line num="107" type="stmt" count="6"/>
      <line num="109" type="stmt" count="6"/>
      <line num="110" type="stmt" count="6"/>
      <line num="111" type="stmt" count="6"/>
      <line num="113" type="stmt" count="6"/>
      <line num="116" type="method" name="isRemovedLinuxFile" visibility="private" complexity="1" crap="1" count="5"/>
      <line num="118" type="stmt" count="5"/>
      <line num="121" type="method" name="isNewLinuxFile" visibility="private" complexity="1" crap="1" count="5"/>
      <line num="123" type="stmt" count="5"/>
      <line num="126" type="method" name="getNewStatusFileName" visibility="private" complexity="1" crap="1" count="6"/>
      <line num="128" type="stmt" count="6"/>
      <line num="131" type="method" name="getOldStatusFileName" visibility="private" complexity="1" crap="1" count="6"/>
      <line num="133" type="stmt" count="6"/>
      <line num="136" type="method" name="updateMovedFilesInDatabase" visibility="private" complexity="3" crap="3" count="6"/>
      <line num="138" type="stmt" count="6"/>
      <line num="139" type="stmt" count="6"/>
      <line num="140" type="stmt" count="6"/>
      <line num="141" type="stmt" count="3"/>
      <line num="142" type="stmt" count="1"/>
      <line num="143" type="stmt" count="1"/>
      <line num="144" type="stmt" count="1"/>
      <line num="145" type="stmt" count="1"/>
      <line num="146" type="stmt" count="1"/>
      <line num="147" type="stmt" count="1"/>
      <line num="148" type="stmt" count="1"/>
      <line num="153" type="method" name="removeDeletedFilesFromDatabase" visibility="private" complexity="3" crap="3" count="6"/>
      <line num="157" type="stmt" count="6"/>
      <line num="158" type="stmt" count="6"/>
      <line num="160" type="stmt" count="2"/>
      <line num="161" type="stmt" count="2"/>
      <line num="164" type="stmt" count="2"/>
      <line num="165" type="stmt" count="2"/>
      <line num="167" type="stmt" count="2"/>
      <line num="172" type="method" name="addNewFilesToDatabase" visibility="private" complexity="1" crap="1" count="6"/>
      <line num="174" type="stmt" count="6"/>
      <line num="175" type="stmt" count="6"/>
      <line num="178" type="method" name="addPhotosToDatabase" visibility="private" complexity="1" crap="1" count="6"/>
      <line num="180" type="stmt" count="6"/>
      <line num="181" type="stmt" count="6"/>
      <metrics loc="184" ncloc="177" classes="1" methods="11" coveredmethods="10" conditionals="0" coveredconditionals="0" statements="60" coveredstatements="59" elements="71" coveredelements="69"/>
    </file>
    <file name="/home/jesper_privat/web-udvikling/photocentral-synology-storage-server/src/Service/PhotoRetrivalService.php">
      <class name="PhotoCentralSynologyStorageServer\Service\PhotoRetrivalService" namespace="global">
        <metrics complexity="12" methods="5" coveredmethods="2" conditionals="0" coveredconditionals="0" statements="30" coveredstatements="6" elements="35" coveredelements="8"/>
      </class>
      <line num="18" type="method" name="__construct" visibility="public" complexity="1" crap="1" count="1"/>
      <line num="20" type="stmt" count="1"/>
      <line num="21" type="stmt" count="1"/>
      <line num="31" type="method" name="getPhotoPath" visibility="public" complexity="4" crap="11.28" count="1"/>
      <line num="33" type="stmt" count="1"/>
      <line num="35" type="stmt" count="1"/>
      <line num="36" type="stmt" count="1"/>
      <line num="39" type="stmt" count="0"/>
      <line num="40" type="stmt" count="0"/>
      <line num="41" type="stmt" count="0"/>
      <line num="43" type="stmt" count="0"/>
      <line num="44" type="stmt" count="0"/>
      <line num="47" type="stmt" count="0"/>
      <line num="48" type="stmt" count="0"/>
      <line num="50" type="stmt" count="0"/>
      <line num="51" type="stmt" count="0"/>
      <line num="54" type="stmt" count="0"/>
      <line num="64" type="method" name="imageCacheFolderCheck" visibility="private" complexity="3" crap="12" count="0"/>
      <line num="66" type="stmt" count="0"/>
      <line num="67" type="stmt" count="0"/>
      <line num="68" type="stmt" count="0"/>
      <line num="69" type="stmt" count="0"/>
      <line num="83" type="method" name="resize" visibility="public" complexity="3" crap="12" count="0"/>
      <line num="85" type="stmt" count="0"/>
      <line num="86" type="stmt" count="0"/>
      <line num="88" type="stmt" count="0"/>
      <line num="89" type="stmt" count="0"/>
      <line num="90" type="stmt" count="0"/>
      <line num="91" type="stmt" count="0"/>
      <line num="93" type="stmt" count="0"/>
      <line num="97" type="stmt" count="0"/>
      <line num="100" type="stmt" count="0"/>
      <line num="103" type="stmt" count="0"/>
      <line num="106" type="method" name="getResizedPath" visibility="private" complexity="1" crap="1" count="1"/>
      <line num="108" type="stmt" count="1"/>
      <metrics loc="110" ncloc="84" classes="1" methods="5" coveredmethods="2" conditionals="0" coveredconditionals="0" statements="30" coveredstatements="6" elements="35" coveredelements="8"/>
    </file>
    <file name="/home/jesper_privat/web-udvikling/photocentral-synology-storage-server/src/Service/PhotoSortingOverrideService.php">
      <class name="PhotoCentralSynologyStorageServer\Service\PhotoSortingOverrideService" namespace="global">
        <metrics complexity="4" methods="1" coveredmethods="0" conditionals="0" coveredconditionals="0" statements="7" coveredstatements="4" elements="8" coveredelements="4"/>
      </class>
      <line num="13" type="method" name="map" visibility="public" complexity="4" crap="5.26" count="1"/>
      <line num="14" type="stmt" count="1"/>
      <line num="16" type="stmt" count="1"/>
      <line num="17" type="stmt" count="1"/>
      <line num="20" type="stmt" count="0"/>
      <line num="21" type="stmt" count="0"/>
      <line num="24" type="stmt" count="0"/>
      <line num="26" type="stmt" count="1"/>
      <metrics loc="29" ncloc="29" classes="1" methods="1" coveredmethods="0" conditionals="0" coveredconditionals="0" statements="7" coveredstatements="4" elements="8" coveredelements="4"/>
    </file>
    <file name="/home/jesper_privat/web-udvikling/photocentral-synology-storage-server/src/Service/UUIDService.php">
      <class name="PhotoCentralSynologyStorageServer\Service\UUIDService" namespace="global">
        <metrics complexity="2" methods="2" coveredmethods="1" conditionals="0" coveredconditionals="0" statements="5" coveredstatements="4" elements="7" coveredelements="5"/>
      </class>
      <line num="21" type="method" name="create" visibility="public" complexity="1" crap="1" count="14"/>
      <line num="23" type="stmt" count="14"/>
      <line num="25" type="stmt" count="14"/>
      <line num="26" type="stmt" count="14"/>
      <line num="27" type="stmt" count="14"/>
      <line num="37" type="method" name="isValid" visibility="public" complexity="1" crap="2" count="0"/>
      <line num="39" type="stmt" count="0"/>
      <metrics loc="41" ncloc="22" classes="1" methods="2" coveredmethods="1" conditionals="0" coveredconditionals="0" statements="5" coveredstatements="4" elements="7" coveredelements="5"/>
    </file>
    <metrics files="40" loc="2454" ncloc="2251" classes="34" methods="141" coveredmethods="107" conditionals="0" coveredconditionals="0" statements="733" coveredstatements="640" elements="874" coveredelements="747"/>
  </project>
</coverage>
